2024-09-10 23:18:03.716 [info] Experiment 'pythonRecommendTensorboardExt' is active
2024-09-10 23:18:03.716 [info] Experiment 'pythonSurveyNotificationcf' is active
2024-09-10 23:18:03.717 [info] Experiment 'pythonTerminalEnvVarActivation' is active
2024-09-10 23:18:03.717 [info] Experiment 'pythonTestAdapter' is active
2024-09-10 23:18:03.717 [warning] Dir "/home/ec2-user/.pixi/envs" is not watchable (directory does not exist)
2024-09-10 23:18:03.903 [info] Default formatter is set to null for workspace /home/ec2-user
2024-09-10 23:18:03.929 [info] Starting Environment refresh
2024-09-10 23:18:03.929 [info] Searching for interpreters in posix paths locator
2024-09-10 23:18:03.951 [info] Searching for pyenv environments
2024-09-10 23:18:03.956 [info] Searching for conda environments
2024-09-10 23:18:03.956 [info] Searching for global virtual environments
2024-09-10 23:18:03.956 [info] Searching for custom virtual environments
2024-09-10 23:18:04.503 [info] pyenv is not installed
2024-09-10 23:18:04.503 [info] Finished searching for pyenv environments: 564 milliseconds
2024-09-10 23:18:04.503 [info] Finished searching for custom virtual envs: 557 milliseconds
2024-09-10 23:18:04.507 [info] > conda info --json
2024-09-10 23:18:04.511 [info] > pixi --version
2024-09-10 23:18:04.513 [info] > hatch env show --json
2024-09-10 23:18:04.513 [info] cwd: .
2024-09-10 23:18:04.537 [info] > pyenv which python
2024-09-10 23:18:04.537 [info] cwd: .
2024-09-10 23:18:04.538 [info] Finished searching for global virtual envs: 598 milliseconds
2024-09-10 23:18:04.544 [info] Found: /bin/python --> /bin/python3.9
2024-09-10 23:18:04.545 [info] Found: /bin/python3 --> /bin/python3.9
2024-09-10 23:18:04.546 [info] Found: /bin/python3.9 --> /bin/python3.9
2024-09-10 23:18:04.559 [info] Found: /usr/bin/python --> /usr/bin/python3.9
2024-09-10 23:18:04.560 [info] Found: /usr/bin/python3 --> /usr/bin/python3.9
2024-09-10 23:18:04.560 [info] Found: /usr/bin/python3.9 --> /usr/bin/python3.9
2024-09-10 23:18:04.580 [info] Finished searching for interpreters in posix paths locator: 662 milliseconds
2024-09-10 23:18:04.580 [info] > /bin/python -I ./.vscode-server/extensions/ms-python.python-2024.14.0-linux-x64/python_files/get_output_via_markers.py ./.vscode-server/extensions/ms-python.python-2024.14.0-linux-x64/python_files/interpreterInfo.py
2024-09-10 23:18:04.596 [info] > /usr/bin/python -I ./.vscode-server/extensions/ms-python.python-2024.14.0-linux-x64/python_files/get_output_via_markers.py ./.vscode-server/extensions/ms-python.python-2024.14.0-linux-x64/python_files/interpreterInfo.py
2024-09-10 23:18:04.597 [info] Environments refresh paths discovered (event): 681 milliseconds
2024-09-10 23:18:04.597 [info] Environments refresh paths discovered: 682 milliseconds
2024-09-10 23:18:04.687 [info] Environments refresh finished (event): 771 milliseconds
2024-09-10 23:18:04.695 [info] Environment refresh took 782 milliseconds
2024-09-10 23:18:04.699 [warning] could not find a pixi interpreter for the interpreter at /bin/python
2024-09-10 23:18:04.703 [info] Python interpreter path: /bin/python
2024-09-10 23:18:05.386 [info] Shell integration status changed, can confirm it's working.
2024-09-10 23:18:05.387 [warning] could not find a pixi interpreter for the interpreter at /bin/python
2024-09-10 23:18:06.086 [warning] could not find a pixi interpreter for the interpreter at /bin/python
2024-09-10 23:18:06.610 [info] Starting Pylance language server.
