2024-09-10 23:18:05.855 [info] (Client) Pylance async client (2024.9.1) started with python extension (2024.14.0)
2024-09-10 23:18:06.563 [info] [Info  - 11:18:06 PM] (2827) Server root directory: file:///home/ec2-user/.vscode-server/extensions/ms-python.vscode-pylance-2024.9.1/dist
2024-09-10 23:18:06.567 [info] [Info  - 11:18:06 PM] (2827) Pylance language server 2024.9.1 (pyright version 1.1.378, commit ce64adc1) starting
2024-09-10 23:18:06.568 [info] [Info  - 11:18:06 PM] (2827) Starting service instance "ec2-user"
2024-09-10 23:18:06.647 [info] [Info  - 11:18:06 PM] (2827) Setting environmentName for service "ec2-user": "3.9.16 (global)"
2024-09-10 23:18:06.647 [info] [Info  - 11:18:06 PM] (2827) Setting pythonPath for service "ec2-user": "/bin/python"
2024-09-10 23:18:06.647 [info] [Info  - 11:18:06 PM] (2827) No include entries specified; assuming /home/ec2-user
2024-09-10 23:18:06.647 [info] [Info  - 11:18:06 PM] (2827) Auto-excluding **/node_modules
2024-09-10 23:18:06.647 [info] [Info  - 11:18:06 PM] (2827) Auto-excluding **/__pycache__
2024-09-10 23:18:06.648 [info] [Info  - 11:18:06 PM] (2827) Auto-excluding **/.*
2024-09-10 23:18:06.716 [info] [Info  - 11:18:06 PM] (2827) Assuming Python version 3.9.16.final.0
2024-09-10 23:18:06.863 [info] [Info  - 11:18:06 PM] (2827) Found 1 source file
2024-09-10 23:18:07.612 [info] [Info  - 11:18:07 PM] (2827) Background analysis(1) root directory: file:///home/ec2-user/.vscode-server/extensions/ms-python.vscode-pylance-2024.9.1/dist
2024-09-10 23:18:07.630 [info] [Info  - 11:18:07 PM] (2827) Background analysis(1) started
2024-09-10 23:18:08.611 [info] [Info  - 11:18:08 PM] (2827) Indexer background runner(2) root directory: file:///home/ec2-user/.vscode-server/extensions/ms-python.vscode-pylance-2024.9.1/dist (index)
2024-09-10 23:18:08.615 [info] [Info  - 11:18:08 PM] (2827) Indexing(2) started
2024-09-10 23:18:11.080 [info] [Info  - 11:18:11 PM] (2827) [IDX(2)] Long operation: scan packages file:///home/ec2-user (2105ms)
2024-09-10 23:18:11.081 [info] [Info  - 11:18:11 PM] (2827) scanned(2) 83 files over 1 exec env
2024-09-10 23:18:11.107 [info] [Info  - 11:18:11 PM] (2827) [BG(1)] Long operation: checking: file:///home/ec2-user/server.py (2229ms)
2024-09-10 23:18:11.112 [info] [Info  - 11:18:11 PM] (2827) [BG(1)] Long operation: analyzing: file:///home/ec2-user/server.py (3122ms)
2024-09-10 23:18:14.432 [info] [Info  - 11:18:14 PM] (2827) [IDX(2)] Long operation: index execution environment file:///home/ec2-user (2626ms)
2024-09-10 23:18:14.452 [info] [Info  - 11:18:14 PM] (2827) [IDX(2)] Long operation: index packages file:///home/ec2-user (2659ms)
2024-09-10 23:18:14.453 [info] [Info  - 11:18:14 PM] (2827) indexed(2) 60 files over 1 exec env
2024-09-10 23:18:14.507 [info] [Info  - 11:18:14 PM] (2827) Indexing finished(2).
2024-09-10 23:30:19.953 [info] [Info  - 11:30:18 PM] (2827) [BG(1)] Long operation: SemanticTokens delta previousResultId:1726010315817 at file:///home/ec2-user/server.py (9896ms)
