2024-09-10 23:36:07.515 [info] Extension host with pid 2432 started
2024-09-10 23:36:07.515 [error] Error: EEXIST: file already exists, open '/home/ec2-user/.vscode-server/data/User/workspaceStorage/84890c70c4444079a391e6ab66cf3e31/vscode.lock'
2024-09-10 23:36:07.525 [info] Lock '/home/ec2-user/.vscode-server/data/User/workspaceStorage/84890c70c4444079a391e6ab66cf3e31/vscode.lock': Could not acquire lock, checking if the file is stale.
2024-09-10 23:36:07.545 [info] Lock '/home/ec2-user/.vscode-server/data/User/workspaceStorage/84890c70c4444079a391e6ab66cf3e31/vscode.lock': The pid 2583 appears to be gone.
2024-09-10 23:36:07.545 [info] Lock '/home/ec2-user/.vscode-server/data/User/workspaceStorage/84890c70c4444079a391e6ab66cf3e31/vscode.lock': Deleting a stale lock.
2024-09-10 23:36:07.552 [info] Lock '/home/ec2-user/.vscode-server/data/User/workspaceStorage/84890c70c4444079a391e6ab66cf3e31/vscode.lock': Lock acquired.
2024-09-10 23:36:07.681 [info] ExtensionService#_doActivateExtension vscode.emmet, startup: false, activationEvent: 'onLanguage'
2024-09-10 23:36:07.681 [info] ExtensionService#_doActivateExtension vscode.tunnel-forwarding, startup: false, activationEvent: 'onTunnel'
2024-09-10 23:36:07.682 [info] ExtensionService#_doActivateExtension vscode.html-language-features, startup: false, activationEvent: 'onLanguage:html'
2024-09-10 23:36:07.682 [info] ExtensionService#_doActivateExtension vscode.git-base, startup: false, activationEvent: '*', root cause: vscode.git
2024-09-10 23:36:10.379 [info] ExtensionService#_doActivateExtension vscode.git, startup: false, activationEvent: '*'
2024-09-10 23:36:10.379 [info] ExtensionService#_doActivateExtension vscode.github, startup: false, activationEvent: '*'
2024-09-10 23:36:16.143 [info] Eager extensions activated
2024-09-10 23:36:16.143 [info] ExtensionService#_doActivateExtension vscode.debug-auto-launch, startup: false, activationEvent: 'onStartupFinished'
2024-09-10 23:36:16.143 [info] ExtensionService#_doActivateExtension vscode.merge-conflict, startup: false, activationEvent: 'onStartupFinished'
2024-09-10 23:36:50.975 [info] ExtensionService#_doActivateExtension ms-python.python, startup: false, activationEvent: 'onLanguage:python', root cause: ms-python.debugpy
2024-09-10 23:36:51.899 [info] ExtensionService#_doActivateExtension ms-python.debugpy, startup: false, activationEvent: 'onLanguage:python'
2024-09-10 23:36:51.899 [info] ExtensionService#_doActivateExtension ms-python.vscode-pylance, startup: false, activationEvent: 'onLanguage:python'
2024-09-10 23:42:40.783 [info] ExtensionService#_doActivateExtension vscode.css-language-features, startup: false, activationEvent: 'onLanguage:css'
2024-09-10 23:43:04.170 [info] ExtensionService#_doActivateExtension vscode.typescript-language-features, startup: false, activationEvent: 'onLanguage:javascript'
