2024-09-09 23:50:47.821 [info] Extension host with pid 3912 started
2024-09-09 23:50:47.838 [info] Lock '/home/ec2-user/.vscode-server/data/User/workspaceStorage/84890c70c4444079a391e6ab66cf3e31/vscode.lock': Lock acquired.
2024-09-09 23:51:00.188 [info] Eager extensions activated
2024-09-09 23:53:31.109 [info] ExtensionService#_doActivateExtension vscode.debug-auto-launch, startup: false, activationEvent: 'onStartupFinished'
2024-09-09 23:53:31.110 [info] ExtensionService#_doActivateExtension vscode.git-base, startup: false, activationEvent: '*', root cause: vscode.git
2024-09-09 23:53:31.110 [info] ExtensionService#_doActivateExtension vscode.merge-conflict, startup: false, activationEvent: 'onStartupFinished'
2024-09-09 23:53:31.277 [info] ExtensionService#_doActivateExtension vscode.git, startup: false, activationEvent: '*'
2024-09-09 23:53:31.278 [info] ExtensionService#_doActivateExtension vscode.github, startup: false, activationEvent: '*'
2024-09-09 23:55:14.261 [info] ExtensionService#_doActivateExtension vscode.html-language-features, startup: false, activationEvent: 'onLanguage:html'
2024-09-09 23:55:14.261 [info] ExtensionService#_doActivateExtension vscode.emmet, startup: false, activationEvent: 'onLanguage'
2024-09-10 00:01:17.242 [info] ExtensionService#_doActivateExtension ms-vscode.live-server, startup: false, activationEvent: 'onCommand:livePreview.start.preview.atFile'
2024-09-10 00:28:49.750 [info] Extension host terminating: renderer disconnected for too long (2)
2024-09-10 00:28:49.750 [info] Lock '/home/ec2-user/.vscode-server/data/User/workspaceStorage/84890c70c4444079a391e6ab66cf3e31/vscode.lock': Marking the lockfile as scheduled to be released in 6000 ms.
2024-09-10 00:28:49.770 [error] Canceled: Canceled
	at new D (/home/ec2-user/.vscode-server/cli/servers/Stable-4849ca9bdf9666755eb463db297b69e5385090e3/server/out/vs/workbench/api/node/extensionHostProcess.js:151:35235)
	at y.U (/home/ec2-user/.vscode-server/cli/servers/Stable-4849ca9bdf9666755eb463db297b69e5385090e3/server/out/vs/workbench/api/node/extensionHostProcess.js:158:6005)
	at V.<computed>.F.charCodeAt.A.CharCode.DollarSign.V.<computed> (/home/ec2-user/.vscode-server/cli/servers/Stable-4849ca9bdf9666755eb463db297b69e5385090e3/server/out/vs/workbench/api/node/extensionHostProcess.js:158:3107)
	at h.g (/home/ec2-user/.vscode-server/cli/servers/Stable-4849ca9bdf9666755eb463db297b69e5385090e3/server/out/vs/workbench/api/node/extensionHostProcess.js:161:210015)
	at h.executeCommand (/home/ec2-user/.vscode-server/cli/servers/Stable-4849ca9bdf9666755eb463db297b69e5385090e3/server/out/vs/workbench/api/node/extensionHostProcess.js:161:209453)
	at C.registerCommand.description (/home/ec2-user/.vscode-server/cli/servers/Stable-4849ca9bdf9666755eb463db297b69e5385090e3/server/out/vs/workbench/api/node/extensionHostProcess.js:161:208777)
	at h (/home/ec2-user/.vscode-server/cli/servers/Stable-4849ca9bdf9666755eb463db297b69e5385090e3/server/out/vs/workbench/api/node/extensionHostProcess.js:161:210554)
	at h.g (/home/ec2-user/.vscode-server/cli/servers/Stable-4849ca9bdf9666755eb463db297b69e5385090e3/server/out/vs/workbench/api/node/extensionHostProcess.js:161:209546)
	at h.executeCommand (/home/ec2-user/.vscode-server/cli/servers/Stable-4849ca9bdf9666755eb463db297b69e5385090e3/server/out/vs/workbench/api/node/extensionHostProcess.js:161:209453)
	at Object.executeCommand (/home/ec2-user/.vscode-server/cli/servers/Stable-4849ca9bdf9666755eb463db297b69e5385090e3/server/out/vs/workbench/api/node/extensionHostProcess.js:171:30683)
	at i.value (/home/ec2-user/.vscode-server/extensions/ms-vscode.live-server-0.4.14/out/extension.js:1:76820)
	at r.B (/home/ec2-user/.vscode-server/cli/servers/Stable-4849ca9bdf9666755eb463db297b69e5385090e3/server/out/vs/workbench/api/node/extensionHostProcess.js:90:732)
	at r.fire (/home/ec2-user/.vscode-server/cli/servers/Stable-4849ca9bdf9666755eb463db297b69e5385090e3/server/out/vs/workbench/api/node/extensionHostProcess.js:90:949)
	at f.closeServer (/home/ec2-user/.vscode-server/extensions/ms-vscode.live-server-0.4.14/out/extension.js:1:86708)
	at f.dispose (/home/ec2-user/.vscode-server/extensions/ms-vscode.live-server-0.4.14/out/extension.js:1:88998)
	at /home/ec2-user/.vscode-server/extensions/ms-vscode.live-server-0.4.14/out/extension.js:1:71717
	at Map.forEach (<anonymous>)
	at b.closeAllServers (/home/ec2-user/.vscode-server/extensions/ms-vscode.live-server-0.4.14/out/extension.js:1:71702)
	at b.dispose (/home/ec2-user/.vscode-server/extensions/ms-vscode.live-server-0.4.14/out/extension.js:1:71745)
	at t.deactivate (/home/ec2-user/.vscode-server/extensions/ms-vscode.live-server-0.4.14/out/extension.js:1:64717)
	at m.eb (/home/ec2-user/.vscode-server/cli/servers/Stable-4849ca9bdf9666755eb463db297b69e5385090e3/server/out/vs/workbench/api/node/extensionHostProcess.js:167:10082)
	at /home/ec2-user/.vscode-server/cli/servers/Stable-4849ca9bdf9666755eb463db297b69e5385090e3/server/out/vs/workbench/api/node/extensionHostProcess.js:167:8153
	at Array.map (<anonymous>)
	at m.$ (/home/ec2-user/.vscode-server/cli/servers/Stable-4849ca9bdf9666755eb463db297b69e5385090e3/server/out/vs/workbench/api/node/extensionHostProcess.js:167:8140)
	at m.terminate (/home/ec2-user/.vscode-server/cli/servers/Stable-4849ca9bdf9666755eb463db297b69e5385090e3/server/out/vs/workbench/api/node/extensionHostProcess.js:167:8413)
	at $.terminate (/home/ec2-user/.vscode-server/cli/servers/Stable-4849ca9bdf9666755eb463db297b69e5385090e3/server/out/vs/workbench/api/node/extensionHostProcess.js:171:1513)
	at n (/home/ec2-user/.vscode-server/cli/servers/Stable-4849ca9bdf9666755eb463db297b69e5385090e3/server/out/vs/workbench/api/node/extensionHostProcess.js:184:10613)
	at F.a (/home/ec2-user/.vscode-server/cli/servers/Stable-4849ca9bdf9666755eb463db297b69e5385090e3/server/out/vs/workbench/api/node/extensionHostProcess.js:184:7281)
	at F.h (/home/ec2-user/.vscode-server/cli/servers/Stable-4849ca9bdf9666755eb463db297b69e5385090e3/server/out/vs/workbench/api/node/extensionHostProcess.js:107:22030)
	at listOnTimeout (node:internal/timers:573:17)
	at process.processTimers (node:internal/timers:514:7) setContext undefined
2024-09-10 00:28:49.775 [info] Extension host with pid 3912 exiting with code 0
