2024-09-10 00:17:22.636 [info] Extension host with pid 4982 started
2024-09-10 00:17:22.636 [error] Error: EEXIST: file already exists, open '/home/ec2-user/.vscode-server/data/User/workspaceStorage/84890c70c4444079a391e6ab66cf3e31/vscode.lock'
2024-09-10 00:17:22.664 [info] Lock '/home/ec2-user/.vscode-server/data/User/workspaceStorage/84890c70c4444079a391e6ab66cf3e31/vscode.lock': Could not acquire lock, checking if the file is stale.
2024-09-10 00:17:22.674 [info] Lock '/home/ec2-user/.vscode-server/data/User/workspaceStorage/84890c70c4444079a391e6ab66cf3e31/vscode.lock': The lock does not look stale, elapsed: 832 ms, giving up.
2024-09-10 00:17:22.679 [info] Lock '/home/ec2-user/.vscode-server/data/User/workspaceStorage/84890c70c4444079a391e6ab66cf3e31-1/vscode.lock': Lock acquired.
2024-09-10 00:17:22.853 [info] ExtensionService#_doActivateExtension vscode.emmet, startup: false, activationEvent: 'onLanguage'
2024-09-10 00:17:22.861 [info] ExtensionService#_doActivateExtension vscode.html-language-features, startup: false, activationEvent: 'onLanguage:html'
2024-09-10 00:17:22.862 [info] ExtensionService#_doActivateExtension vscode.git-base, startup: false, activationEvent: '*', root cause: vscode.git
2024-09-10 00:17:22.864 [info] ExtensionService#_doActivateExtension vscode.tunnel-forwarding, startup: false, activationEvent: 'onTunnel'
2024-09-10 00:17:23.239 [info] ExtensionService#_doActivateExtension vscode.git, startup: false, activationEvent: '*'
2024-09-10 00:17:23.240 [info] ExtensionService#_doActivateExtension vscode.github, startup: false, activationEvent: '*'
2024-09-10 00:17:23.881 [info] Eager extensions activated
2024-09-10 00:17:23.881 [info] ExtensionService#_doActivateExtension vscode.debug-auto-launch, startup: false, activationEvent: 'onStartupFinished'
2024-09-10 00:17:23.882 [info] ExtensionService#_doActivateExtension vscode.merge-conflict, startup: false, activationEvent: 'onStartupFinished'
2024-09-10 00:21:11.922 [info] ExtensionService#_doActivateExtension ms-vscode.live-server, startup: false, activationEvent: 'onCommand:livePreview.start.preview.atFile'
2024-09-10 00:26:06.948 [info] ExtensionService#_doActivateExtension vscode.npm, startup: false, activationEvent: 'onTerminalQuickFixRequest:ms-vscode.npm-command'
2024-09-10 00:26:12.844 [info] ExtensionService#_doActivateExtension vscode.configuration-editing, startup: false, activationEvent: 'onLanguage:json'
2024-09-10 00:26:12.845 [info] ExtensionService#_doActivateExtension vscode.extension-editing, startup: false, activationEvent: 'onLanguage:json'
2024-09-10 00:26:12.845 [info] ExtensionService#_doActivateExtension vscode.json-language-features, startup: false, activationEvent: 'onLanguage:json'
2024-09-10 00:39:45.608 [info] ExtensionService#_doActivateExtension vscode.css-language-features, startup: false, activationEvent: 'onLanguage:css'
2024-09-10 00:46:20.075 [info] ExtensionService#_doActivateExtension vscode.typescript-language-features, startup: false, activationEvent: 'onLanguage:javascript'
