2024-09-07 02:12:21.410 [info] Extension host with pid 2852 started
2024-09-07 02:12:31.135 [info] ExtensionService#_doActivateExtension vscode.emmet, startup: false, activationEvent: 'onLanguage'
2024-09-07 02:12:31.136 [info] ExtensionService#_doActivateExtension vscode.git-base, startup: false, activationEvent: '*', root cause: vscode.git
2024-09-07 02:12:32.379 [info] ExtensionService#_doActivateExtension vscode.git, startup: false, activationEvent: '*'
2024-09-07 02:12:32.379 [info] ExtensionService#_doActivateExtension vscode.github, startup: false, activationEvent: '*'
2024-09-07 02:12:35.219 [info] Eager extensions activated
2024-09-07 02:12:35.219 [info] ExtensionService#_doActivateExtension vscode.debug-auto-launch, startup: false, activationEvent: 'onStartupFinished'
2024-09-07 02:12:35.220 [info] ExtensionService#_doActivateExtension vscode.merge-conflict, startup: false, activationEvent: 'onStartupFinished'
2024-09-07 02:12:35.237 [info] Extension host terminating: received terminate message from renderer
2024-09-07 02:12:35.255 [error] Canceled: Canceled
	at Object.f [as $0] (/home/ec2-user/.vscode-server/cli/servers/Stable-4849ca9bdf9666755eb463db297b69e5385090e3/server/out/vs/workbench/api/node/extensionHostProcess.js:10:1082)
	at /home/ec2-user/.vscode-server/cli/servers/Stable-4849ca9bdf9666755eb463db297b69e5385090e3/server/out/vs/workbench/api/node/extensionHostProcess.js:158:2406
	at Array.forEach (<anonymous>)
	at y.dispose (/home/ec2-user/.vscode-server/cli/servers/Stable-4849ca9bdf9666755eb463db297b69e5385090e3/server/out/vs/workbench/api/node/extensionHostProcess.js:158:2344)
	at m.terminate (/home/ec2-user/.vscode-server/cli/servers/Stable-4849ca9bdf9666755eb463db297b69e5385090e3/server/out/vs/workbench/api/node/extensionHostProcess.js:167:8389)
	at $.terminate (/home/ec2-user/.vscode-server/cli/servers/Stable-4849ca9bdf9666755eb463db297b69e5385090e3/server/out/vs/workbench/api/node/extensionHostProcess.js:171:1513)
	at n (/home/ec2-user/.vscode-server/cli/servers/Stable-4849ca9bdf9666755eb463db297b69e5385090e3/server/out/vs/workbench/api/node/extensionHostProcess.js:184:10613)
	at i.value (/home/ec2-user/.vscode-server/cli/servers/Stable-4849ca9bdf9666755eb463db297b69e5385090e3/server/out/vs/workbench/api/node/extensionHostProcess.js:184:8581)
	at r.B (/home/ec2-user/.vscode-server/cli/servers/Stable-4849ca9bdf9666755eb463db297b69e5385090e3/server/out/vs/workbench/api/node/extensionHostProcess.js:90:732)
	at r.fire (/home/ec2-user/.vscode-server/cli/servers/Stable-4849ca9bdf9666755eb463db297b69e5385090e3/server/out/vs/workbench/api/node/extensionHostProcess.js:90:949)
	at a.fire (/home/ec2-user/.vscode-server/cli/servers/Stable-4849ca9bdf9666755eb463db297b69e5385090e3/server/out/vs/workbench/api/node/extensionHostProcess.js:115:14463)
	at h.A (/home/ec2-user/.vscode-server/cli/servers/Stable-4849ca9bdf9666755eb463db297b69e5385090e3/server/out/vs/workbench/api/node/extensionHostProcess.js:115:17622)
	at i.value (/home/ec2-user/.vscode-server/cli/servers/Stable-4849ca9bdf9666755eb463db297b69e5385090e3/server/out/vs/workbench/api/node/extensionHostProcess.js:115:15980)
	at r.B (/home/ec2-user/.vscode-server/cli/servers/Stable-4849ca9bdf9666755eb463db297b69e5385090e3/server/out/vs/workbench/api/node/extensionHostProcess.js:90:732)
	at r.fire (/home/ec2-user/.vscode-server/cli/servers/Stable-4849ca9bdf9666755eb463db297b69e5385090e3/server/out/vs/workbench/api/node/extensionHostProcess.js:90:949)
	at m.acceptChunk (/home/ec2-user/.vscode-server/cli/servers/Stable-4849ca9bdf9666755eb463db297b69e5385090e3/server/out/vs/workbench/api/node/extensionHostProcess.js:115:12209)
	at /home/ec2-user/.vscode-server/cli/servers/Stable-4849ca9bdf9666755eb463db297b69e5385090e3/server/out/vs/workbench/api/node/extensionHostProcess.js:115:11479
	at Socket.b (/home/ec2-user/.vscode-server/cli/servers/Stable-4849ca9bdf9666755eb463db297b69e5385090e3/server/out/vs/workbench/api/node/extensionHostProcess.js:181:14623)
	at Socket.emit (node:events:519:28)
	at addChunk (node:internal/streams/readable:559:12)
	at readableAddChunkPushByteMode (node:internal/streams/readable:510:3)
	at Readable.push (node:internal/streams/readable:390:5)
	at Pipe.onStreamRead (node:internal/stream_base_commons:191:23) setContext undefined
2024-09-07 02:12:35.258 [info] Extension host with pid 2852 exiting with code 0
