2024-09-11 00:13:09.463 [info] Extension host with pid 2516 started
2024-09-11 00:13:09.463 [error] Error: EEXIST: file already exists, open '/home/ec2-user/.vscode-server/data/User/workspaceStorage/84890c70c4444079a391e6ab66cf3e31/vscode.lock'
2024-09-11 00:13:09.467 [info] Lock '/home/ec2-user/.vscode-server/data/User/workspaceStorage/84890c70c4444079a391e6ab66cf3e31/vscode.lock': Could not acquire lock, checking if the file is stale.
2024-09-11 00:13:09.486 [info] Lock '/home/ec2-user/.vscode-server/data/User/workspaceStorage/84890c70c4444079a391e6ab66cf3e31/vscode.lock': The pid 2432 appears to be gone.
2024-09-11 00:13:09.486 [info] Lock '/home/ec2-user/.vscode-server/data/User/workspaceStorage/84890c70c4444079a391e6ab66cf3e31/vscode.lock': Deleting a stale lock.
2024-09-11 00:13:09.488 [info] Lock '/home/ec2-user/.vscode-server/data/User/workspaceStorage/84890c70c4444079a391e6ab66cf3e31/vscode.lock': Lock acquired.
2024-09-11 00:13:09.720 [info] ExtensionService#_doActivateExtension vscode.emmet, startup: false, activationEvent: 'onLanguage'
2024-09-11 00:13:09.721 [info] ExtensionService#_doActivateExtension ms-python.python, startup: false, activationEvent: 'onLanguage:python', root cause: ms-python.debugpy
2024-09-11 00:13:09.721 [info] ExtensionService#_doActivateExtension vscode.git-base, startup: false, activationEvent: '*', root cause: vscode.git
2024-09-11 00:13:14.546 [info] ExtensionService#_doActivateExtension vscode.tunnel-forwarding, startup: false, activationEvent: 'onTunnel'
2024-09-11 00:13:18.471 [info] ExtensionService#_doActivateExtension vscode.git, startup: false, activationEvent: '*'
2024-09-11 00:13:18.545 [info] ExtensionService#_doActivateExtension vscode.github, startup: false, activationEvent: '*'
2024-09-11 00:13:23.588 [info] Eager extensions activated
2024-09-11 00:13:23.588 [info] ExtensionService#_doActivateExtension vscode.debug-auto-launch, startup: false, activationEvent: 'onStartupFinished'
2024-09-11 00:13:23.588 [info] ExtensionService#_doActivateExtension vscode.merge-conflict, startup: false, activationEvent: 'onStartupFinished'
2024-09-11 00:13:25.667 [info] ExtensionService#_doActivateExtension ms-python.debugpy, startup: false, activationEvent: 'onLanguage:python'
2024-09-11 00:13:25.668 [info] ExtensionService#_doActivateExtension ms-python.vscode-pylance, startup: false, activationEvent: 'onLanguage:python'
2024-09-11 00:17:38.372 [info] ExtensionService#_doActivateExtension vscode.html-language-features, startup: false, activationEvent: 'onLanguage:html'
2024-09-11 00:25:03.633 [info] ExtensionService#_doActivateExtension vscode.npm, startup: false, activationEvent: 'onTerminalQuickFixRequest:ms-vscode.npm-command'
2024-09-11 00:25:09.689 [info] ExtensionService#_doActivateExtension vscode.configuration-editing, startup: false, activationEvent: 'onLanguage:json'
2024-09-11 00:25:09.690 [info] ExtensionService#_doActivateExtension vscode.extension-editing, startup: false, activationEvent: 'onLanguage:json'
2024-09-11 00:25:09.690 [info] ExtensionService#_doActivateExtension vscode.json-language-features, startup: false, activationEvent: 'onLanguage:json'
